This file contains any messages produced by compilers while
running configure, to aid debugging if configure makes a mistake.

It was created by configure, which was
generated by GNU Autoconf 2.69.  Invocation command line was

  $ ./configure 

## --------- ##
## Platform. ##
## --------- ##

hostname = pc-thibaut.lopez
uname -m = x86_64
uname -r = 3.11.0-27.g0a1c41f-desktop
uname -s = Linux
uname -v = #1 SMP PREEMPT Thu Sep 5 10:20:59 UTC 2013 (0a1c41f)

/usr/bin/uname -p = x86_64
/bin/uname -X     = unknown

/bin/arch              = x86_64
/usr/bin/arch -k       = unknown
/usr/convex/getsysinfo = unknown
/usr/bin/hostinfo      = unknown
/bin/machine           = unknown
/usr/bin/oslevel       = unknown
/bin/universe          = unknown

PATH: /usr/lib64/mpi/gcc/openmpi/bin
PATH: /home/thibaut.lopez/bin
PATH: /usr/local/bin
PATH: /usr/bin
PATH: /bin
PATH: /usr/bin/X11
PATH: /usr/X11R6/bin
PATH: /usr/games
PATH: /usr/netsoul/sbin
PATH: /usr/netsoul/bin
PATH: /usr/kerberos/sbin
PATH: /usr/kerberos/bin
PATH: /usr/arla/sbin
PATH: /usr/arla/bin
PATH: /usr/local/sbin
PATH: /usr/local/bin
PATH: /usr/sbin
PATH: /usr/bin
PATH: /sbin
PATH: /bin
PATH: /usr/site/sbin
PATH: /usr/site/bin


## ----------- ##
## Core tests. ##
## ----------- ##

configure:2248: loading site script /usr/share/site/x86_64-unknown-linux-gnu
| #!/bin/sh
| # Site script for configure. It is resourced via $CONFIG_SITE environment varaible.
| 
| # If user did not specify libdir, guess the correct target:
| # Use lib64 for 64 bit bi-arch targets, keep the default for the rest.
| if test "$libdir" = '${exec_prefix}/lib' ; then
| 
| 	ac_config_site_64bit_host=NONE
| 
| 	case "$host" in
| 	"" )
| 		# User did not specify host target.
| 		# The native platform x86_64 is a bi-arch platform.
| 		# Try to detect cross-compilation to inferior architecture.
| 
| 		# We are trying to guess 32-bit target compilation. It's not as easy as
| 		# it sounds, as there is possible several intermediate combinations.
| 		ac_config_site_cross_to_32bit_host=NONE
| 
| 		# User defined -m32 in CFLAGS or CXXFLAGS:
| 		# (It's sufficient for 32-bit, but alone may cause mis-behavior of some checks.)
| 		case "$CFLAGS" in
| 		*-m32*)
| 			ac_config_site_cross_to_32bit_host=YES
| 			;;
| 		esac
| 		case "$CXXFLAGS" in
| 		*-m32*)
| 			ac_config_site_cross_to_32bit_host=YES
| 			;;
| 		esac
| 
| 		# Running with linux32:
| 		# (Changes detected platform, but not the toolchain target.)
| 		case "`/bin/uname -i`" in
| 		x86_64 | ppc64 | s390x )
| 			;;
| 		* )
| 			ac_config_site_cross_to_32bit_host=YES
| 			;;
| 		esac
| 
| 		if test "x$ac_config_site_cross_to_32bit_host" = xNONE; then
| 			ac_config_site_64bit_host=YES
| 		fi
| 
| 		;;
| 	*x86_64* | *ppc64* | *s390x* )
| 		ac_config_site_64bit_host=YES
| 		;;
| 	esac
| 
| 	if test "x$ac_config_site_64bit_host" = xYES; then
| 		libdir='${exec_prefix}/lib64'
| 	fi
| fi
| 
| # If user did not specify libexecdir, set the correct target:
| # Nor FHS nor openSUSE allow prefix/libexec. Let's default to prefix/lib.
| 
| if test "$libexecdir" = '${exec_prefix}/libexec' ; then
| 	libexecdir='${exec_prefix}/lib'
| fi
| 
| # Continue with the standard behavior of configure defined in AC_SITE_LOAD:
| if test "x$prefix" != xNONE; then
| 	ac_site_file1=$prefix/share/config.site
| 	ac_site_file2=$prefix/etc/config.site
| else
| 	ac_site_file1=$ac_default_prefix/share/config.site
| 	ac_site_file2=$ac_default_prefix/etc/config.site
| fi
| for ac_site_file in "$ac_site_file1" "$ac_site_file2"
| do
| 	test "x$ac_site_file" = xNONE && continue
| 	if test /dev/null != "$ac_site_file" && test -r "$ac_site_file"; then
| 		{ $as_echo "/usr/share/site/x86_64-unknown-linux-gnu:${as_lineno-$LINENO}: loading site script $ac_site_file" >&5
| $as_echo "/usr/share/site/x86_64-unknown-linux-gnu: loading site script $ac_site_file" >&6;}
| 		sed 's/^/| /' "$ac_site_file" >&5
| 		. "$ac_site_file" \
| 			|| { { $as_echo "/usr/share/site/x86_64-unknown-linux-gnu:${as_lineno-$LINENO}: error: in \`$ac_pwd':" >&5
| $as_echo "/usr/share/site/x86_64-unknown-linux-gnu: error: in \`$ac_pwd':" >&2;}
| as_fn_error $? "failed to load site script $ac_site_file
| See \`config.log' for more details" "$LINENO" 5; }
| 	fi
| done
configure:2427: checking build system type
configure:2441: result: x86_64-unknown-linux-gnu
configure:2461: checking host system type
configure:2474: result: x86_64-unknown-linux-gnu
configure:2542: checking for gcc
configure:2558: found /usr/bin/gcc
configure:2569: result: gcc
configure:2798: checking for C compiler version
configure:2807: gcc --version >&5
gcc (SUSE Linux) 4.7.2 20130108 [gcc-4_7-branch revision 195012]
Copyright (C) 2012 Free Software Foundation, Inc.
This is free software; see the source for copying conditions.  There is NO
warranty; not even for MERCHANTABILITY or FITNESS FOR A PARTICULAR PURPOSE.

configure:2818: $? = 0
configure:2807: gcc -v >&5
Using built-in specs.
COLLECT_GCC=gcc
COLLECT_LTO_WRAPPER=/usr/lib64/gcc/x86_64-suse-linux/4.7/lto-wrapper
Target: x86_64-suse-linux
Configured with: ../configure --prefix=/usr --infodir=/usr/share/info --mandir=/usr/share/man --libdir=/usr/lib64 --libexecdir=/usr/lib64 --enable-languages=c,c++,objc,fortran,obj-c++,java,ada --enable-checking=release --with-gxx-include-dir=/usr/include/c++/4.7 --enable-ssp --disable-libssp --disable-libitm --disable-plugin --with-bugurl=http://bugs.opensuse.org/ --with-pkgversion='SUSE Linux' --disable-libgcj --disable-libmudflap --with-slibdir=/lib64 --with-system-zlib --enable-__cxa_atexit --enable-libstdcxx-allocator=new --disable-libstdcxx-pch --enable-version-specific-runtime-libs --enable-linker-build-id --program-suffix=-4.7 --enable-linux-futex --without-system-libunwind --with-arch-32=i586 --with-tune=generic --build=x86_64-suse-linux
Thread model: posix
gcc version 4.7.2 20130108 [gcc-4_7-branch revision 195012] (SUSE Linux) 
configure:2818: $? = 0
configure:2807: gcc -V >&5
gcc: error: unrecognized command line option '-V'
gcc: fatal error: no input files
compilation terminated.
configure:2818: $? = 1
configure:2807: gcc -qversion >&5
gcc: error: unrecognized command line option '-qversion'
gcc: fatal error: no input files
compilation terminated.
configure:2818: $? = 1
configure:2838: checking whether the C compiler works
configure:2860: gcc    conftest.c  >&5
configure:2864: $? = 0
configure:2912: result: yes
configure:2915: checking for C compiler default output file name
configure:2917: result: a.out
configure:2923: checking for suffix of executables
configure:2930: gcc -o conftest    conftest.c  >&5
configure:2934: $? = 0
configure:2956: result: 
configure:2978: checking whether we are cross compiling
configure:2986: gcc -o conftest    conftest.c  >&5
configure:2990: $? = 0
configure:2997: ./conftest
configure:3001: $? = 0
configure:3016: result: no
configure:3021: checking for suffix of object files
configure:3043: gcc -c   conftest.c >&5
configure:3047: $? = 0
configure:3068: result: o
configure:3072: checking whether we are using the GNU C compiler
configure:3091: gcc -c   conftest.c >&5
configure:3091: $? = 0
configure:3100: result: yes
configure:3109: checking whether gcc accepts -g
configure:3129: gcc -c -g  conftest.c >&5
configure:3129: $? = 0
configure:3170: result: yes
configure:3187: checking for gcc option to accept ISO C89
configure:3250: gcc  -c -g -O2  conftest.c >&5
configure:3250: $? = 0
configure:3263: result: none needed
configure:3283: checking for a sed that does not truncate output
configure:3347: result: /usr/bin/sed
configure:3365: checking for grep that handles long lines and -e
configure:3423: result: /usr/bin/grep
configure:3428: checking for egrep
configure:3490: result: /usr/bin/grep -E
configure:3495: checking for fgrep
configure:3557: result: /usr/bin/grep -F
configure:3592: checking for ld used by gcc
configure:3659: result: /usr/x86_64-suse-linux/bin/ld
configure:3666: checking if the linker (/usr/x86_64-suse-linux/bin/ld) is GNU ld
configure:3681: result: yes
configure:3693: checking for BSD- or MS-compatible name lister (nm)
configure:3742: result: /usr/bin/nm -B
configure:3860: checking the name lister (/usr/bin/nm -B) interface
configure:3867: gcc -c -g -O2  conftest.c >&5
configure:3870: /usr/bin/nm -B "conftest.o"
configure:3873: output
0000000000000000 B some_variable
configure:3880: result: BSD nm
configure:3883: checking whether ln -s works
configure:3887: result: yes
configure:3895: checking the maximum length of command line arguments
configure:4021: result: 1572864
configure:4038: checking whether the shell understands some XSI constructs
configure:4048: result: yes
configure:4052: checking whether the shell understands "+="
configure:4058: result: yes
configure:4093: checking for /usr/x86_64-suse-linux/bin/ld option to reload object files
configure:4100: result: -r
configure:4169: checking for objdump
configure:4185: found /usr/bin/objdump
configure:4196: result: objdump
configure:4225: checking how to recognize dependent libraries
configure:4423: result: pass_all
configure:4483: checking for ar
configure:4499: found /usr/bin/ar
configure:4510: result: ar
configure:4588: checking for strip
configure:4604: found /usr/bin/strip
configure:4615: result: strip
configure:4687: checking for ranlib
configure:4703: found /usr/bin/ranlib
configure:4714: result: ranlib
configure:4804: checking command to parse /usr/bin/nm -B output from gcc object
configure:4922: gcc -c -g -O2  conftest.c >&5
configure:4925: $? = 0
configure:4929: /usr/bin/nm -B conftest.o \| sed -n -e 's/^.*[	 ]\([ABCDGIRSTW][ABCDGIRSTW]*\)[	 ][	 ]*\([_A-Za-z][_A-Za-z0-9]*\)$/\1 \2 \2/p' \> conftest.nm
configure:4932: $? = 0
configure:4986: gcc -o conftest -g -O2   conftest.c conftstm.o >&5
configure:4989: $? = 0
configure:5027: result: ok
configure:5123: gcc -c -g -O2  conftest.c >&5
configure:5126: $? = 0
configure:5836: checking how to run the C preprocessor
configure:5867: gcc -E  conftest.c
configure:5867: $? = 0
configure:5881: gcc -E  conftest.c
conftest.c:9:28: fatal error: ac_nonexistent.h: No such file or directory
compilation terminated.
configure:5881: $? = 1
configure: failed program was:
| /* confdefs.h */
| #define PACKAGE_NAME ""
| #define PACKAGE_TARNAME ""
| #define PACKAGE_VERSION ""
| #define PACKAGE_STRING ""
| #define PACKAGE_BUGREPORT ""
| #define PACKAGE_URL ""
| /* end confdefs.h.  */
| #include <ac_nonexistent.h>
configure:5906: result: gcc -E
configure:5926: gcc -E  conftest.c
configure:5926: $? = 0
configure:5940: gcc -E  conftest.c
conftest.c:9:28: fatal error: ac_nonexistent.h: No such file or directory
compilation terminated.
configure:5940: $? = 1
configure: failed program was:
| /* confdefs.h */
| #define PACKAGE_NAME ""
| #define PACKAGE_TARNAME ""
| #define PACKAGE_VERSION ""
| #define PACKAGE_STRING ""
| #define PACKAGE_BUGREPORT ""
| #define PACKAGE_URL ""
| /* end confdefs.h.  */
| #include <ac_nonexistent.h>
configure:5969: checking for ANSI C header files
configure:5989: gcc -c -g -O2  conftest.c >&5
configure:5989: $? = 0
configure:6062: gcc -o conftest -g -O2   conftest.c  >&5
configure:6062: $? = 0
configure:6062: ./conftest
configure:6062: $? = 0
configure:6073: result: yes
configure:6086: checking for sys/types.h
configure:6086: gcc -c -g -O2  conftest.c >&5
configure:6086: $? = 0
configure:6086: result: yes
configure:6086: checking for sys/stat.h
configure:6086: gcc -c -g -O2  conftest.c >&5
configure:6086: $? = 0
configure:6086: result: yes
configure:6086: checking for stdlib.h
configure:6086: gcc -c -g -O2  conftest.c >&5
configure:6086: $? = 0
configure:6086: result: yes
configure:6086: checking for string.h
configure:6086: gcc -c -g -O2  conftest.c >&5
configure:6086: $? = 0
configure:6086: result: yes
configure:6086: checking for memory.h
configure:6086: gcc -c -g -O2  conftest.c >&5
configure:6086: $? = 0
configure:6086: result: yes
configure:6086: checking for strings.h
configure:6086: gcc -c -g -O2  conftest.c >&5
configure:6086: $? = 0
configure:6086: result: yes
configure:6086: checking for inttypes.h
configure:6086: gcc -c -g -O2  conftest.c >&5
configure:6086: $? = 0
configure:6086: result: yes
configure:6086: checking for stdint.h
configure:6086: gcc -c -g -O2  conftest.c >&5
configure:6086: $? = 0
configure:6086: result: yes
configure:6086: checking for unistd.h
configure:6086: gcc -c -g -O2  conftest.c >&5
configure:6086: $? = 0
configure:6086: result: yes
configure:6100: checking for dlfcn.h
configure:6100: gcc -c -g -O2  conftest.c >&5
configure:6100: $? = 0
configure:6100: result: yes
configure:6582: checking for objdir
configure:6597: result: .libs
configure:6893: checking if gcc supports -fno-rtti -fno-exceptions
configure:6911: gcc -c -g -O2  -fno-rtti -fno-exceptions conftest.c >&5
cc1: warning: command line option '-fno-rtti' is valid for C++/ObjC++ but not for C [enabled by default]
configure:6915: $? = 0
configure:6928: result: no
configure:6948: checking for gcc option to produce PIC
configure:7220: result: -fPIC -DPIC
configure:7232: checking if gcc PIC flag -fPIC -DPIC works
configure:7250: gcc -c -g -O2  -fPIC -DPIC -DPIC conftest.c >&5
configure:7254: $? = 0
configure:7267: result: yes
configure:7291: checking if gcc static flag -static works
configure:7319: result: no
configure:7334: checking if gcc supports -c -o file.o
configure:7355: gcc -c -g -O2  -o out/conftest2.o conftest.c >&5
configure:7359: $? = 0
configure:7381: result: yes
configure:7389: checking if gcc supports -c -o file.o
configure:7436: result: yes
configure:7469: checking whether the gcc linker (/usr/x86_64-suse-linux/bin/ld -m elf_x86_64) supports shared libraries
configure:8455: result: yes
configure:8492: checking whether -lc should be explicitly linked in
configure:8497: gcc -c -g -O2  conftest.c >&5
configure:8500: $? = 0
configure:8515: gcc -shared conftest.o  -v -Wl,-soname -Wl,conftest -o conftest 2\>\&1 \| /usr/bin/grep  -lc  \>/dev/null 2\>\&1
configure:8518: $? = 0
configure:8530: result: no
configure:8694: checking dynamic linker characteristics
configure:9129: gcc -o conftest -g -O2   -Wl,-rpath -Wl,/foo conftest.c  >&5
configure:9129: $? = 0
configure:9347: result: GNU/Linux ld.so
configure:9449: checking how to hardcode library paths into programs
configure:9474: result: immediate
configure:9994: checking whether stripping libraries is possible
configure:9999: result: yes
configure:10034: checking if libtool supports shared libraries
configure:10036: result: yes
configure:10039: checking whether to build shared libraries
configure:10060: result: yes
configure:10063: checking whether to build static libraries
configure:10067: result: yes
configure:10131: checking for a BSD-compatible install
configure:10199: result: /usr/bin/install -c
configure:10210: checking whether build environment is sane
configure:10265: result: yes
configure:10416: checking for a thread-safe mkdir -p
configure:10455: result: /usr/bin/mkdir -p
configure:10462: checking for gawk
configure:10478: found /usr/bin/gawk
configure:10489: result: gawk
configure:10500: checking whether make sets $(MAKE)
configure:10522: result: yes
configure:10552: checking for style of include used by make
configure:10580: result: GNU
configure:10668: checking dependency style of gcc
configure:10779: result: gcc3
configure:10845: checking for gcc
configure:10872: result: gcc
configure:11101: checking for C compiler version
configure:11110: gcc --version >&5
gcc (SUSE Linux) 4.7.2 20130108 [gcc-4_7-branch revision 195012]
Copyright (C) 2012 Free Software Foundation, Inc.
This is free software; see the source for copying conditions.  There is NO
warranty; not even for MERCHANTABILITY or FITNESS FOR A PARTICULAR PURPOSE.

configure:11121: $? = 0
configure:11110: gcc -v >&5
Using built-in specs.
COLLECT_GCC=gcc
COLLECT_LTO_WRAPPER=/usr/lib64/gcc/x86_64-suse-linux/4.7/lto-wrapper
Target: x86_64-suse-linux
Configured with: ../configure --prefix=/usr --infodir=/usr/share/info --mandir=/usr/share/man --libdir=/usr/lib64 --libexecdir=/usr/lib64 --enable-languages=c,c++,objc,fortran,obj-c++,java,ada --enable-checking=release --with-gxx-include-dir=/usr/include/c++/4.7 --enable-ssp --disable-libssp --disable-libitm --disable-plugin --with-bugurl=http://bugs.opensuse.org/ --with-pkgversion='SUSE Linux' --disable-libgcj --disable-libmudflap --with-slibdir=/lib64 --with-system-zlib --enable-__cxa_atexit --enable-libstdcxx-allocator=new --disable-libstdcxx-pch --enable-version-specific-runtime-libs --enable-linker-build-id --program-suffix=-4.7 --enable-linux-futex --without-system-libunwind --with-arch-32=i586 --with-tune=generic --build=x86_64-suse-linux
Thread model: posix
gcc version 4.7.2 20130108 [gcc-4_7-branch revision 195012] (SUSE Linux) 
configure:11121: $? = 0
configure:11110: gcc -V >&5
gcc: error: unrecognized command line option '-V'
gcc: fatal error: no input files
compilation terminated.
configure:11121: $? = 1
configure:11110: gcc -qversion >&5
gcc: error: unrecognized command line option '-qversion'
gcc: fatal error: no input files
compilation terminated.
configure:11121: $? = 1
configure:11125: checking whether we are using the GNU C compiler
configure:11153: result: yes
configure:11162: checking whether gcc accepts -g
configure:11223: result: yes
configure:11240: checking for gcc option to accept ISO C89
configure:11316: result: none needed
configure:11337: checking whether make sets $(MAKE)
configure:11359: result: yes
configure:11377: checking for windres
configure:11407: result: no
configure:11377: checking for linux-gnu-windres
configure:11407: result: no
configure:11420: checking for size_t
configure:11420: gcc -c -g -O2  conftest.c >&5
configure:11420: $? = 0
configure:11420: gcc -c -g -O2  conftest.c >&5
conftest.c: In function 'main':
conftest.c:59:21: error: expected expression before ')' token
configure:11420: $? = 1
configure: failed program was:
| /* confdefs.h */
| #define PACKAGE_NAME ""
| #define PACKAGE_TARNAME ""
| #define PACKAGE_VERSION ""
| #define PACKAGE_STRING ""
| #define PACKAGE_BUGREPORT ""
| #define PACKAGE_URL ""
| #define STDC_HEADERS 1
| #define HAVE_SYS_TYPES_H 1
| #define HAVE_SYS_STAT_H 1
| #define HAVE_STDLIB_H 1
| #define HAVE_STRING_H 1
| #define HAVE_MEMORY_H 1
| #define HAVE_STRINGS_H 1
| #define HAVE_INTTYPES_H 1
| #define HAVE_STDINT_H 1
| #define HAVE_UNISTD_H 1
| #define HAVE_DLFCN_H 1
| #define LT_OBJDIR ".libs/"
| #define PACKAGE "SDL_ttf"
| #define VERSION "2.0.11"
| /* end confdefs.h.  */
| #include <stdio.h>
| #ifdef HAVE_SYS_TYPES_H
| # include <sys/types.h>
| #endif
| #ifdef HAVE_SYS_STAT_H
| # include <sys/stat.h>
| #endif
| #ifdef STDC_HEADERS
| # include <stdlib.h>
| # include <stddef.h>
| #else
| # ifdef HAVE_STDLIB_H
| #  include <stdlib.h>
| # endif
| #endif
| #ifdef HAVE_STRING_H
| # if !defined STDC_HEADERS && defined HAVE_MEMORY_H
| #  include <memory.h>
| # endif
| # include <string.h>
| #endif
| #ifdef HAVE_STRINGS_H
| # include <strings.h>
| #endif
| #ifdef HAVE_INTTYPES_H
| # include <inttypes.h>
| #endif
| #ifdef HAVE_STDINT_H
| # include <stdint.h>
| #endif
| #ifdef HAVE_UNISTD_H
| # include <unistd.h>
| #endif
| int
| main ()
| {
| if (sizeof ((size_t)))
| 	    return 0;
|   ;
|   return 0;
| }
configure:11420: result: yes
configure:11433: checking for working alloca.h
configure:11450: gcc -o conftest -g -O2   conftest.c  >&5
configure:11450: $? = 0
configure:11458: result: yes
configure:11466: checking for alloca
configure:11503: gcc -o conftest -g -O2   conftest.c  >&5
configure:11503: $? = 0
configure:11511: result: yes
configure:11681: checking for freetype-config
configure:11699: found /usr/bin/freetype-config
configure:11712: result: /usr/bin/freetype-config
configure:11781: checking for pkg-config
configure:11799: found /usr/bin/pkg-config
configure:11811: result: /usr/bin/pkg-config
configure:11836: checking pkg-config is at least version 0.9.0
configure:11839: result: yes
configure:11877: checking for SDL
configure:11885: $PKG_CONFIG --exists --print-errors "sdl >= $min_sdl_version"
configure:11888: $? = 0
configure:11903: $PKG_CONFIG --exists --print-errors "sdl >= $min_sdl_version"
configure:11906: $? = 0
configure:11948: result: yes
configure:12219: checking for X
configure:12358: gcc -o conftest -g -O2 -I/usr/include/freetype2 -D_GNU_SOURCE=1 -D_REENTRANT -I/usr/include/SDL     conftest.c -lX11  -lfreetype -lz -lSDL -lpthread   >&5
configure:12358: $? = 0
configure:12408: result: libraries , headers 
configure:12507: gcc -o conftest -g -O2 -I/usr/include/freetype2 -D_GNU_SOURCE=1 -D_REENTRANT -I/usr/include/SDL     conftest.c  -lfreetype -lz -lSDL -lpthread    -lX11 >&5
configure:12507: $? = 0
configure:12605: checking for gethostbyname
configure:12605: gcc -o conftest -g -O2 -I/usr/include/freetype2 -D_GNU_SOURCE=1 -D_REENTRANT -I/usr/include/SDL     conftest.c  -lfreetype -lz -lSDL -lpthread   >&5
configure:12605: $? = 0
configure:12605: result: yes
configure:12702: checking for connect
configure:12702: gcc -o conftest -g -O2 -I/usr/include/freetype2 -D_GNU_SOURCE=1 -D_REENTRANT -I/usr/include/SDL     conftest.c  -lfreetype -lz -lSDL -lpthread   >&5
configure:12702: $? = 0
configure:12702: result: yes
configure:12751: checking for remove
configure:12751: gcc -o conftest -g -O2 -I/usr/include/freetype2 -D_GNU_SOURCE=1 -D_REENTRANT -I/usr/include/SDL     conftest.c  -lfreetype -lz -lSDL -lpthread   >&5
configure:12751: $? = 0
configure:12751: result: yes
configure:12800: checking for shmat
configure:12800: gcc -o conftest -g -O2 -I/usr/include/freetype2 -D_GNU_SOURCE=1 -D_REENTRANT -I/usr/include/SDL     conftest.c  -lfreetype -lz -lSDL -lpthread   >&5
configure:12800: $? = 0
configure:12800: result: yes
configure:12858: checking for IceConnectionNumber in -lICE
configure:12883: gcc -o conftest -g -O2 -I/usr/include/freetype2 -D_GNU_SOURCE=1 -D_REENTRANT -I/usr/include/SDL     conftest.c -lICE   -lfreetype -lz -lSDL -lpthread   >&5
configure:12883: $? = 0
configure:12892: result: yes
configure:12910: checking for OpenGL support
configure:12928: gcc -c -g -O2 -I/usr/include/freetype2 -D_GNU_SOURCE=1 -D_REENTRANT -I/usr/include/SDL     conftest.c >&5
configure:12928: $? = 0
configure:12934: result: yes
configure:13094: checking that generated files are newer than configure
configure:13100: result: done
configure:13127: creating ./config.status

## ---------------------- ##
## Running config.status. ##
## ---------------------- ##

This file was extended by config.status, which was
generated by GNU Autoconf 2.69.  Invocation command line was

  CONFIG_FILES    = 
  CONFIG_HEADERS  = 
  CONFIG_LINKS    = 
  CONFIG_COMMANDS = 
  $ ./config.status 

on pc-thibaut.lopez

config.status:1014: creating Makefile
config.status:1014: creating SDL_ttf.spec
config.status:1014: creating SDL_ttf.pc
config.status:1186: executing libtool commands
config.status:1186: executing depfiles commands

## ---------------- ##
## Cache variables. ##
## ---------------- ##

ac_cv_build=x86_64-unknown-linux-gnu
ac_cv_c_compiler_gnu=yes
ac_cv_env_CC_set=
ac_cv_env_CC_value=
ac_cv_env_CFLAGS_set=
ac_cv_env_CFLAGS_value=
ac_cv_env_CPPFLAGS_set=
ac_cv_env_CPPFLAGS_value=
ac_cv_env_CPP_set=
ac_cv_env_CPP_value=
ac_cv_env_LDFLAGS_set=
ac_cv_env_LDFLAGS_value=
ac_cv_env_LIBS_set=
ac_cv_env_LIBS_value=
ac_cv_env_PKG_CONFIG_set=
ac_cv_env_PKG_CONFIG_value=
ac_cv_env_SDL_CFLAGS_set=
ac_cv_env_SDL_CFLAGS_value=
ac_cv_env_SDL_LIBS_set=
ac_cv_env_SDL_LIBS_value=
ac_cv_env_XMKMF_set=
ac_cv_env_XMKMF_value=
ac_cv_env_build_alias_set=
ac_cv_env_build_alias_value=
ac_cv_env_host_alias_set=
ac_cv_env_host_alias_value=
ac_cv_env_target_alias_set=
ac_cv_env_target_alias_value=
ac_cv_func_alloca_works=yes
ac_cv_func_connect=yes
ac_cv_func_gethostbyname=yes
ac_cv_func_remove=yes
ac_cv_func_shmat=yes
ac_cv_have_x='have_x=yes	ac_x_includes='\'''\''	ac_x_libraries='\'''\'''
ac_cv_header_dlfcn_h=yes
ac_cv_header_inttypes_h=yes
ac_cv_header_memory_h=yes
ac_cv_header_stdc=yes
ac_cv_header_stdint_h=yes
ac_cv_header_stdlib_h=yes
ac_cv_header_string_h=yes
ac_cv_header_strings_h=yes
ac_cv_header_sys_stat_h=yes
ac_cv_header_sys_types_h=yes
ac_cv_header_unistd_h=yes
ac_cv_host=x86_64-unknown-linux-gnu
ac_cv_lib_ICE_IceConnectionNumber=yes
ac_cv_objext=o
ac_cv_path_EGREP='/usr/bin/grep -E'
ac_cv_path_FGREP='/usr/bin/grep -F'
ac_cv_path_FREETYPE_CONFIG=/usr/bin/freetype-config
ac_cv_path_GREP=/usr/bin/grep
ac_cv_path_SED=/usr/bin/sed
ac_cv_path_ac_pt_PKG_CONFIG=/usr/bin/pkg-config
ac_cv_path_install='/usr/bin/install -c'
ac_cv_path_mkdir=/usr/bin/mkdir
ac_cv_prog_AWK=gawk
ac_cv_prog_CPP='gcc -E'
ac_cv_prog_ac_ct_AR=ar
ac_cv_prog_ac_ct_CC=gcc
ac_cv_prog_ac_ct_OBJDUMP=objdump
ac_cv_prog_ac_ct_RANLIB=ranlib
ac_cv_prog_ac_ct_STRIP=strip
ac_cv_prog_cc_c89=
ac_cv_prog_cc_g=yes
ac_cv_prog_make_make_set=yes
ac_cv_type_size_t=yes
ac_cv_working_alloca_h=yes
am_cv_CC_dependencies_compiler_type=gcc3
lt_cv_deplibs_check_method=pass_all
lt_cv_file_magic_cmd='$MAGIC_CMD'
lt_cv_file_magic_test_file=
lt_cv_ld_reload_flag=-r
lt_cv_nm_interface='BSD nm'
lt_cv_objdir=.libs
lt_cv_path_LD=/usr/x86_64-suse-linux/bin/ld
lt_cv_path_NM='/usr/bin/nm -B'
lt_cv_prog_compiler_c_o=yes
lt_cv_prog_compiler_pic_works=yes
lt_cv_prog_compiler_rtti_exceptions=no
lt_cv_prog_compiler_static_works=no
lt_cv_prog_gnu_ld=yes
lt_cv_sys_global_symbol_pipe='sed -n -e '\''s/^.*[	 ]\([ABCDGIRSTW][ABCDGIRSTW]*\)[	 ][	 ]*\([_A-Za-z][_A-Za-z0-9]*\)$/\1 \2 \2/p'\'''
lt_cv_sys_global_symbol_to_c_name_address='sed -n -e '\''s/^: \([^ ]*\) $/  {\"\1\", (void *) 0},/p'\'' -e '\''s/^[ABCDGIRSTW]* \([^ ]*\) \([^ ]*\)$/  {"\2", (void *) \&\2},/p'\'''
lt_cv_sys_global_symbol_to_c_name_address_lib_prefix='sed -n -e '\''s/^: \([^ ]*\) $/  {\"\1\", (void *) 0},/p'\'' -e '\''s/^[ABCDGIRSTW]* \([^ ]*\) \(lib[^ ]*\)$/  {"\2", (void *) \&\2},/p'\'' -e '\''s/^[ABCDGIRSTW]* \([^ ]*\) \([^ ]*\)$/  {"lib\2", (void *) \&\2},/p'\'''
lt_cv_sys_global_symbol_to_cdecl='sed -n -e '\''s/^T .* \(.*\)$/extern int \1();/p'\'' -e '\''s/^[ABCDGIRSTW]* .* \(.*\)$/extern char \1;/p'\'''
lt_cv_sys_max_cmd_len=1572864
pkg_cv_SDL_CFLAGS='-D_GNU_SOURCE=1 -D_REENTRANT -I/usr/include/SDL  '
pkg_cv_SDL_LIBS='-lSDL -lpthread  '

## ----------------- ##
## Output variables. ##
## ----------------- ##

ACLOCAL='${SHELL} /home/thibaut.lopez/Corewar/Corewar/vm/graphic/SDL_ttf-2.0.11/missing --run aclocal-1.12'
ALLOCA=''
AMDEPBACKSLASH='\'
AMDEP_FALSE='#'
AMDEP_TRUE=''
AMTAR='$${TAR-tar}'
AR='ar'
AS='as'
AUTOCONF='${SHELL} /home/thibaut.lopez/Corewar/Corewar/vm/graphic/SDL_ttf-2.0.11/missing --run autoconf'
AUTOHEADER='${SHELL} /home/thibaut.lopez/Corewar/Corewar/vm/graphic/SDL_ttf-2.0.11/missing --run autoheader'
AUTOMAKE='${SHELL} /home/thibaut.lopez/Corewar/Corewar/vm/graphic/SDL_ttf-2.0.11/missing --run automake-1.12'
AWK='gawk'
BINARY_AGE='11'
CC='gcc'
CCDEPMODE='depmode=gcc3'
CFLAGS='-g -O2 -I/usr/include/freetype2 -D_GNU_SOURCE=1 -D_REENTRANT -I/usr/include/SDL    -DHAVE_OPENGL'
CPP='gcc -E'
CPPFLAGS=''
CYGPATH_W='echo'
DEFS='-DPACKAGE_NAME=\"\" -DPACKAGE_TARNAME=\"\" -DPACKAGE_VERSION=\"\" -DPACKAGE_STRING=\"\" -DPACKAGE_BUGREPORT=\"\" -DPACKAGE_URL=\"\" -DSTDC_HEADERS=1 -DHAVE_SYS_TYPES_H=1 -DHAVE_SYS_STAT_H=1 -DHAVE_STDLIB_H=1 -DHAVE_STRING_H=1 -DHAVE_MEMORY_H=1 -DHAVE_STRINGS_H=1 -DHAVE_INTTYPES_H=1 -DHAVE_STDINT_H=1 -DHAVE_UNISTD_H=1 -DHAVE_DLFCN_H=1 -DLT_OBJDIR=\".libs/\" -DPACKAGE=\"SDL_ttf\" -DVERSION=\"2.0.11\" -DHAVE_ALLOCA_H=1 -DHAVE_ALLOCA=1'
DEPDIR='.deps'
DLLTOOL='dlltool'
DSYMUTIL=''
DUMPBIN=''
ECHO_C=''
ECHO_N='-n'
ECHO_T=''
EGREP='/usr/bin/grep -E'
EXEEXT=''
FGREP='/usr/bin/grep -F'
FREETYPE_CONFIG='/usr/bin/freetype-config'
GL_LIBS=' -lGL'
GREP='/usr/bin/grep'
INSTALL_DATA='${INSTALL} -m 644'
INSTALL_PROGRAM='${INSTALL}'
INSTALL_SCRIPT='${INSTALL}'
INSTALL_STRIP_PROGRAM='$(install_sh) -c -s'
INTERFACE_AGE='1'
LD='/usr/x86_64-suse-linux/bin/ld -m elf_x86_64'
LDFLAGS=''
LIBOBJS=''
LIBS=' -lfreetype -lz -lSDL -lpthread  '
LIBTOOL='$(SHELL) $(top_builddir)/libtool'
LIPO=''
LN_S='ln -s'
LTLIBOBJS=''
LT_AGE='10'
LT_CURRENT='10'
LT_RELEASE='2.0'
LT_REVISION='1'
MAJOR_VERSION='2'
MAKEINFO='${SHELL} /home/thibaut.lopez/Corewar/Corewar/vm/graphic/SDL_ttf-2.0.11/missing --run makeinfo'
MATHLIB='-lm'
MICRO_VERSION='11'
MINOR_VERSION='0'
MKDIR_P='/usr/bin/mkdir -p'
NM='/usr/bin/nm -B'
NMEDIT=''
OBJDUMP='objdump'
OBJEXT='o'
OTOOL64=''
OTOOL=''
PACKAGE='SDL_ttf'
PACKAGE_BUGREPORT=''
PACKAGE_NAME=''
PACKAGE_STRING=''
PACKAGE_TARNAME=''
PACKAGE_URL=''
PACKAGE_VERSION=''
PATH_SEPARATOR=':'
PKG_CONFIG='/usr/bin/pkg-config'
RANLIB='ranlib'
SDL_CFLAGS='-D_GNU_SOURCE=1 -D_REENTRANT -I/usr/include/SDL  '
SDL_CONFIG='pkg-config sdl'
SDL_LIBS='-lSDL -lpthread  '
SDL_VERSION='1.2.4'
SED='/usr/bin/sed'
SET_MAKE=''
SHELL='/bin/sh'
STRIP='strip'
USE_VERSION_RC_FALSE=''
USE_VERSION_RC_TRUE='#'
VERSION='2.0.11'
WINDRES=''
XMKMF=''
X_CFLAGS=''
X_EXTRA_LIBS=''
X_LIBS=''
X_PRE_LIBS=' -lSM -lICE'
ac_ct_CC='gcc'
ac_ct_DUMPBIN=''
am__EXEEXT_FALSE=''
am__EXEEXT_TRUE='#'
am__fastdepCC_FALSE='#'
am__fastdepCC_TRUE=''
am__include='include'
am__isrc=''
am__leading_dot='.'
am__nodep='_no'
am__quote=''
am__tar='$${TAR-tar} chof - "$$tardir"'
am__untar='$${TAR-tar} xf -'
bindir='${exec_prefix}/bin'
build='x86_64-unknown-linux-gnu'
build_alias=''
build_cpu='x86_64'
build_os='linux-gnu'
build_vendor='unknown'
datadir='${datarootdir}'
datarootdir='${prefix}/share'
docdir='${datarootdir}/doc/${PACKAGE}'
dvidir='${docdir}'
exec_prefix='${prefix}'
host='x86_64-unknown-linux-gnu'
host_alias=''
host_cpu='x86_64'
host_os='linux-gnu'
host_vendor='unknown'
htmldir='${docdir}'
includedir='${prefix}/include'
infodir='${datarootdir}/info'
install_sh='${SHELL} /home/thibaut.lopez/Corewar/Corewar/vm/graphic/SDL_ttf-2.0.11/install-sh'
libdir='${exec_prefix}/lib64'
libexecdir='${exec_prefix}/lib'
localedir='${datarootdir}/locale'
localstatedir='${prefix}/var'
lt_ECHO='echo'
mandir='${datarootdir}/man'
mkdir_p='/usr/bin/mkdir -p'
oldincludedir='/usr/include'
pdfdir='${docdir}'
prefix='/usr/local'
program_transform_name='s,x,x,'
psdir='${docdir}'
sbindir='${exec_prefix}/sbin'
sharedstatedir='${prefix}/com'
sysconfdir='${prefix}/etc'
target_alias=''

## ----------- ##
## confdefs.h. ##
## ----------- ##

/* confdefs.h */
#define PACKAGE_NAME ""
#define PACKAGE_TARNAME ""
#define PACKAGE_VERSION ""
#define PACKAGE_STRING ""
#define PACKAGE_BUGREPORT ""
#define PACKAGE_URL ""
#define STDC_HEADERS 1
#define HAVE_SYS_TYPES_H 1
#define HAVE_SYS_STAT_H 1
#define HAVE_STDLIB_H 1
#define HAVE_STRING_H 1
#define HAVE_MEMORY_H 1
#define HAVE_STRINGS_H 1
#define HAVE_INTTYPES_H 1
#define HAVE_STDINT_H 1
#define HAVE_UNISTD_H 1
#define HAVE_DLFCN_H 1
#define LT_OBJDIR ".libs/"
#define PACKAGE "SDL_ttf"
#define VERSION "2.0.11"
#define HAVE_ALLOCA_H 1
#define HAVE_ALLOCA 1

configure: exit 0
